
# 2.3s user time, 10ms system time, 29.59M rss, 35.50M vsz
# Current date: Sat Jul 23 03:28:53 2022
# Hostname: ip-192-168-0-11
# Files: /var/log/mysql/slow.log
# Overall: 34.68k total, 44 unique, 47.97 QPS, 0.31x concurrency _________
# Time range: 2022-07-23T03:16:07 to 2022-07-23T03:28:10
# Attribute          total     min     max     avg     95%  stddev  median
# ============     ======= ======= ======= ======= ======= ======= =======
# Exec time           226s     4us      2s     7ms    27ms    23ms    93us
# Lock time            52s       0    84ms     1ms    12ms     5ms       0
# Rows sent        132.89k       0    1000    3.92    0.99   24.53       0
# Rows examine      31.09M       0   3.08M  940.04    0.99  17.28k       0
# Query size         1.39M      11     182   42.15  136.99   26.14   31.70

# Profile
# Rank Query ID                      Response time  Calls R/Call V/M   Ite
# ==== ============================= ============== ===== ====== ===== ===
#    1 0x94A9E43DFAAFA029A1FC19A5... 109.6977 48.4%  7271 0.0151  0.00 REPLACE id_generator
#    2 0x676347F321DB8BC7FCB05D49... 103.4130 45.7%  1498 0.0690  0.05 SELECT visit_history
#    3 0x2E69352DE16B15042A121750...   6.3228  2.8%   625 0.0101  0.00 INSERT visit_history
# MISC 0xMISC                          7.0375  3.1% 25290 0.0003   0.0 <41 ITEMS>

# Query 1: 93.22 QPS, 1.41x concurrency, ID 0x94A9E43DFAAFA029A1FC19A5563AD0F5 at byte 3168600
# This item is included in the report because it matches --limit.
# Scores: V/M = 0.00
# Time range: 2022-07-23T03:16:10 to 2022-07-23T03:17:28
# Attribute    pct   total     min     max     avg     95%  stddev  median
# ============ === ======= ======= ======= ======= ======= ======= =======
# Count         20    7271
# Exec time     48    110s     4ms    98ms    15ms    30ms     8ms    13ms
# Lock time     99     52s     1us    84ms     7ms    21ms     8ms     6ms
# Rows sent      0       0       0       0       0       0       0       0
# Rows examine   0       0       0       0       0       0       0       0
# Query size    22 319.53k      45      45      45      45       0      45
# String:
# Databases    isuports
# Hosts        localhost
# Users        isucon
# Query_time distribution
#   1us
#  10us
# 100us
#   1ms  ###################################
#  10ms  ################################################################
# 100ms  #
#    1s
#  10s+
# Tables
#    SHOW TABLE STATUS FROM `isuports` LIKE 'id_generator'\G
#    SHOW CREATE TABLE `isuports`.`id_generator`\G
REPLACE INTO id_generator (stub) VALUES ('a')\G

# Query 2: 18.96 QPS, 1.31x concurrency, ID 0x676347F321DB8BC7FCB05D4948FC2248 at byte 8162029
# This item is included in the report because it matches --limit.
# Scores: V/M = 0.05
# Time range: 2022-07-23T03:16:10 to 2022-07-23T03:17:29
# Attribute    pct   total     min     max     avg     95%  stddev  median
# ============ === ======= ======= ======= ======= ======= ======= =======
# Count          4    1498
# Exec time     45    103s   156us   517ms    69ms   180ms    61ms    48ms
# Lock time      0     3ms     1us   309us     1us     2us     8us     1us
# Rows sent     90 119.94k       0     199   81.99  174.84   51.05   69.19
# Rows examine  90  28.00M       0  49.22k  19.14k  44.45k  12.93k  14.47k
# Query size    14 209.07k     141     144  142.92  136.99    0.68  136.99
# String:
# Databases    isuports
# Hosts        localhost
# Users        isucon
# Query_time distribution
#   1us
#  10us
# 100us  ##
#   1ms  ######
#  10ms  ################################################################
# 100ms  #####################
#    1s
#  10s+
# Tables
#    SHOW TABLE STATUS FROM `isuports` LIKE 'visit_history'\G
#    SHOW CREATE TABLE `isuports`.`visit_history`\G
# EXPLAIN /*!50100 PARTITIONS*/
SELECT player_id, MIN(created_at) AS min_created_at FROM visit_history WHERE tenant_id = 59 AND competition_id = '55cedba3d' GROUP BY player_id\G

# Query 3: 8.93 QPS, 0.09x concurrency, ID 0x2E69352DE16B15042A1217500A0400FE at byte 561179
# This item is included in the report because it matches --limit.
# Scores: V/M = 0.00
# Time range: 2022-07-23T03:16:14 to 2022-07-23T03:17:24
# Attribute    pct   total     min     max     avg     95%  stddev  median
# ============ === ======= ======= ======= ======= ======= ======= =======
# Count          1     625
# Exec time      2      6s     5ms    79ms    10ms    16ms     5ms     9ms
# Lock time      0     2ms     1us   697us     2us     1us    27us     1us
# Rows sent      0       0       0       0       0       0       0       0
# Rows examine   0       0       0       0       0       0       0       0
# Query size     6  90.82k     147     149  148.80  143.84       0  143.84
# String:
# Databases    isuports
# Hosts        localhost
# Users        isucon
# Query_time distribution
#   1us
#  10us
# 100us
#   1ms  ################################################################
#  10ms  ##############################################
# 100ms
#    1s
#  10s+
# Tables
#    SHOW TABLE STATUS FROM `isuports` LIKE 'visit_history'\G
#    SHOW CREATE TABLE `isuports`.`visit_history`\G
INSERT INTO visit_history (player_id, tenant_id, competition_id, created_at, updated_at) VALUES ('9fa52409', 124, '9fa52406', 1658546175, 1658546175)\G
